<?xml version="1.0" encoding="UTF-8"?>
<!-- Generated by org.testng.reporters.JUnitXMLReporter -->
<testsuite ignored="0" hostname="DESKTOP-6LSJCEU" failures="1" tests="1" name="Test" time="1.187" errors="0" timestamp="2021-04-01T16:14:57 IST">
  <testcase classname="HybridDataDriven.flipkartsearch" name="f" time="0.226">
    <failure type="java.io.FileNotFoundException" message="\Users\harsha\ats\AdvancedSelenium\data\config1.properties (The system cannot find the path specified)">
      <![CDATA[java.io.FileNotFoundException: \Users\harsha\ats\AdvancedSelenium\data\config1.properties (The system cannot find the path specified)
at java.base/java.io.FileInputStream.open0(Native Method)
at java.base/java.io.FileInputStream.open(FileInputStream.java:211)
at java.base/java.io.FileInputStream.<init>(FileInputStream.java:153)
at java.base/java.io.FileInputStream.<init>(FileInputStream.java:108)
at HybridDataDriven.FileLib.getPropValue(FileLib.java:13)
at HybridDataDriven.BaseTest.openBrowser(BaseTest.java:13)
at HybridDataDriven.flipkartsearch.f(flipkartsearch.java:19)
at java.base/java.util.ArrayList.forEach(ArrayList.java:1511)
... Removed 27 stack frames]]>
    </failure>
  </testcase> <!-- f -->
</testsuite> <!-- Test -->
